<?xml version="1.0" encoding="UTF-8"?>
<testng-results ignored="0" total="1" passed="1" failed="0" skipped="0">
  <reporter-output>
  </reporter-output>
  <suite started-at="2024-09-02T13:44:15 IST" name="Default suite" finished-at="2024-09-02T13:44:54 IST" duration-ms="39046">
    <groups>
    </groups>
    <test started-at="2024-09-02T13:44:15 IST" name="Default test" finished-at="2024-09-02T13:44:54 IST" duration-ms="39046">
      <class name="mx_player.mx_player">
        <test-method is-config="true" signature="bt()[pri:0, instance:mx_player.mx_player@1a6d8329]" started-at="2024-09-02T13:44:15 IST" name="bt" finished-at="2024-09-02T13:44:37 IST" duration-ms="21929" status="PASS">
          <reporter-output>
          </reporter-output>
        </test-method> <!-- bt -->
        <test-method signature="tc1()[pri:0, instance:mx_player.mx_player@1a6d8329]" started-at="2024-09-02T13:44:37 IST" name="tc1" finished-at="2024-09-02T13:44:54 IST" duration-ms="16970" status="PASS">
          <reporter-output>
          </reporter-output>
        </test-method> <!-- tc1 -->
      </class> <!-- mx_player.mx_player -->
    </test> <!-- Default test -->
  </suite> <!-- Default suite -->
</testng-results>
